Docker image path: index.docker.io/chrishah/alicut-aliscore-docker:2.31
Cache folder set to /usr/people/EDVZ/hahnc/.singularity/docker
Creating container runtime...
Exploding layer: sha256:7b8b6451c85f072fd0d7961c97be3fe6e2f772657d471254f6d52ad9f158a580.tar.gz
Exploding layer: sha256:ab4d1096d9ba178819a3f71f17add95285b393e96d08c8a6bfc3446355bcdc49.tar.gz
Exploding layer: sha256:e6797d1788acd741d33f4530106586ffee568be513d47e6e20a4c9bc3858822e.tar.gz
Exploding layer: sha256:e25c5c290bded5267364aa9f59a18dd22a8b776d7658a41ffabbf691d8104e36.tar.gz
Exploding layer: sha256:be17e45afc142f7daaba6fefb2edb4293db22483ef172babe7edc030cc3c3dd1.tar.gz
[33mWARNING: Warning reading tar header: Ignoring malformed pax extended attribute
[0mExploding layer: sha256:13e651c6925b55b4d46fcd37e4c4cdaa29dfec1a9d65099e65c4a4b8e6420732.tar.gz
Exploding layer: sha256:b2cbe14e4d13453535eeb011bffbd02318a309821e3c83db2782aeca7a626d57.tar.gz
Exploding layer: sha256:f28792be9139d5046d06d63d545059ed3afc5636f87b48c064aee8a0ee16a8b5.tar.gz
Exploding layer: sha256:2ed56f27ad315578470966d4c4396c46d8da8c4fecded9a8fb0d3e195199d4d0.tar.gz
perl: warning: Setting locale failed.
perl: warning: Please check that your locale settings:
	LANGUAGE = (unset),
	LC_ALL = (unset),
	LANG = "en_GB.UTF-8"
    are supported and installed on your system.
perl: warning: Falling back to the standard locale ("C").

        ------------------------------------------------------------
                        Welcome to ALICUT V2.31 !
                 a Perlscript to cut ALISCORE identified RSS
                    written by Patrick Kueck (ZFMK, Bonn)
        ------------------------------------------------------------


	------------------------------------------------------------
	Remain Stem Position   :	no
	Remove Codon           :	no
	Remove 3rd Position    :	no
	------------------------------------------------------------
	Done  : EOG090X04G3.clustalo.aln.fasta_List_random.txt cut to ALICUT_EOG090X04G3.clustalo.aln.fasta

        ------------------------------------------------------------
        1 FASTA file(s) correctly handled!
        Further infos are printed out in Alicut_info.txt!

                  ALICUT V2.0 Finished! Thank you and good bye!
        ------------------------------------------------------------

			***  time used: 0.07 sec  ***

